[2018-04-02 10:52:01.174877] INFO: jiekou: 当前模块 requests封装
[2018-04-02 10:52:01.176877] INFO: jiekou: 全部args参数参数信息 , ()
[2018-04-02 10:52:01.176877] INFO: jiekou: 全部kwargs参数信息 , {}
[2018-04-02 10:52:01.394889] INFO: jiekou: 当前模块 生成数据驱动所用数据
[2018-04-02 10:52:01.394889] INFO: jiekou: 全部args参数参数信息 , ()
[2018-04-02 10:52:01.394889] INFO: jiekou: 全部kwargs参数信息 , {}
[2018-04-02 10:52:01.394889] INFO: jiekou: 当前模块 解析测试用例文件
[2018-04-02 10:52:01.395889] INFO: jiekou: 全部args参数参数信息 , ('C:\\Users\\Administrator\\Desktop\\jiekou-python3\\test_case_data\\case.xlsx',)
[2018-04-02 10:52:01.395889] INFO: jiekou: 全部kwargs参数信息 , {}
[2018-04-02 10:52:01.497895] INFO: jiekou: 测试用例开始执行
[2018-04-02 10:52:01.497895] INFO: jiekou: 输入参数：url:http://www.tuling123.com/openapi/api,key:aaaa,参数:{'password':'1222'},请求方式：POST
[2018-04-02 10:52:01.497895] INFO: jiekou: 输入参数：url:http://www.tuling123.com/openapi/api,key:aaaa,参数:{'password':'1222'},请求方式：None
[2018-04-02 10:52:01.548898] INFO: jiekou: 返回结果:{'code': 0, 'result': {'code': 40007, 'text': '您的请求内容为空。'}}
[2018-04-02 10:52:01.549898] INFO: jiekou: 当前模块 断言测试结果
[2018-04-02 10:52:01.549898] INFO: jiekou: 全部args参数参数信息 , ()
[2018-04-02 10:52:01.549898] INFO: jiekou: 全部kwargs参数信息 , {'asserqingwang': 'code=40001'}
[2018-04-02 10:52:01.549898] INFO: jiekou: 测试用例执行完毕
[2018-04-02 10:52:01.549898] INFO: jiekou: 测试用例开始执行
[2018-04-02 10:52:01.549898] INFO: jiekou: 输入参数：url:http://www.tuling123.com/openapi/api
,key:dfeb1cc8125943d29764a2f2f5c33739,参数:{'password':'1222'},请求方式：POST
[2018-04-02 10:52:01.549898] INFO: jiekou: 输入参数：url:http://www.tuling123.com/openapi/api
,key:dfeb1cc8125943d29764a2f2f5c33739,参数:{'password':'1222'},请求方式：None
[2018-04-02 10:52:01.575900] INFO: jiekou: 返回结果:{'code': 0, 'result': {'code': 40007, 'text': '您的请求内容为空。'}}
[2018-04-02 10:52:01.575900] INFO: jiekou: 当前模块 断言测试结果
[2018-04-02 10:52:01.576900] INFO: jiekou: 全部args参数参数信息 , ()
[2018-04-02 10:52:01.576900] INFO: jiekou: 全部kwargs参数信息 , {'asserqingwang': 'code=40002'}
[2018-04-02 10:52:01.576900] INFO: jiekou: 测试用例执行完毕
[2018-04-02 10:52:01.576900] INFO: jiekou: 测试用例开始执行
[2018-04-02 10:52:01.576900] INFO: jiekou: 输入参数：url:https://api.douban.com/v2/photo/:id,key:dfeb1cc8125943d29764a2f2f5c33739,参数:{'password':'1222'},请求方式：GET
[2018-04-02 10:52:01.576900] INFO: jiekou: 输入参数：url:https://api.douban.com/v2/photo/:id,key:dfeb1cc8125943d29764a2f2f5c33739,参数:{'password':'1222'},请求方式：None
[2018-04-02 10:52:02.452950] INFO: jiekou: 返回结果:{'code': 0, 'result': {'msg': 'uri_not_found', 'code': 1001, 'request': 'GET /v2/photo/:id'}}
[2018-04-02 10:52:02.453950] INFO: jiekou: 当前模块 断言测试结果
[2018-04-02 10:52:02.453950] INFO: jiekou: 全部args参数参数信息 , ()
[2018-04-02 10:52:02.453950] INFO: jiekou: 全部kwargs参数信息 , {'asserqingwang': ''}
[2018-04-02 10:52:02.453950] INFO: jiekou: 填写测试预期值
[2018-04-02 10:52:02.453950] INFO: jiekou: 测试用例执行完毕
[2018-04-02 10:53:02.266371] INFO: jiekou: 当前模块 requests封装
[2018-04-02 10:53:02.266371] INFO: jiekou: 全部args参数参数信息 , ()
[2018-04-02 10:53:02.267371] INFO: jiekou: 全部kwargs参数信息 , {}
[2018-04-02 10:53:02.304373] INFO: jiekou: 当前模块 生成数据驱动所用数据
[2018-04-02 10:53:02.304373] INFO: jiekou: 全部args参数参数信息 , ()
[2018-04-02 10:53:02.304373] INFO: jiekou: 全部kwargs参数信息 , {}
[2018-04-02 10:53:02.304373] INFO: jiekou: 当前模块 解析测试用例文件
[2018-04-02 10:53:02.304373] INFO: jiekou: 全部args参数参数信息 , ('C:\\Users\\Administrator\\Desktop\\jiekou-python3\\test_case_data\\case.xlsx',)
[2018-04-02 10:53:02.304373] INFO: jiekou: 全部kwargs参数信息 , {}
[2018-04-02 10:53:02.332375] INFO: jiekou: 测试用例开始执行
[2018-04-02 10:53:02.332375] INFO: jiekou: 输入参数：url:http://www.tuling123.com/openapi/api,key:aaaa,参数:{'password':'1222'},请求方式：POST
[2018-04-02 10:53:02.332375] INFO: jiekou: 输入参数：url:http://www.tuling123.com/openapi/api,key:aaaa,参数:{'password':'1222'},请求方式：None
[2018-04-02 10:53:02.364376] INFO: jiekou: 返回结果:{'code': 0, 'result': {'code': 40007, 'text': '您的请求内容为空。'}}
[2018-04-02 10:53:02.364376] INFO: jiekou: 当前模块 断言测试结果
[2018-04-02 10:53:02.364376] INFO: jiekou: 全部args参数参数信息 , ()
[2018-04-02 10:53:02.364376] INFO: jiekou: 全部kwargs参数信息 , {'asserqingwang': 'code=40001'}
[2018-04-02 10:53:02.364376] INFO: jiekou: 测试用例执行完毕
[2018-04-02 10:53:02.364376] INFO: jiekou: 测试用例开始执行
[2018-04-02 10:53:02.364376] INFO: jiekou: 输入参数：url:http://www.tuling123.com/openapi/api
,key:dfeb1cc8125943d29764a2f2f5c33739,参数:{'password':'1222'},请求方式：POST
[2018-04-02 10:53:02.365376] INFO: jiekou: 输入参数：url:http://www.tuling123.com/openapi/api
,key:dfeb1cc8125943d29764a2f2f5c33739,参数:{'password':'1222'},请求方式：None
[2018-04-02 10:53:02.390378] INFO: jiekou: 返回结果:{'code': 0, 'result': {'code': 40007, 'text': '您的请求内容为空。'}}
[2018-04-02 10:53:02.390378] INFO: jiekou: 当前模块 断言测试结果
[2018-04-02 10:53:02.390378] INFO: jiekou: 全部args参数参数信息 , ()
[2018-04-02 10:53:02.390378] INFO: jiekou: 全部kwargs参数信息 , {'asserqingwang': 'code=40002'}
[2018-04-02 10:53:02.390378] INFO: jiekou: 测试用例执行完毕
[2018-04-02 10:53:02.391378] INFO: jiekou: 测试用例开始执行
[2018-04-02 10:53:02.391378] INFO: jiekou: 输入参数：url:https://api.douban.com/v2/photo/:id,key:dfeb1cc8125943d29764a2f2f5c33739,参数:{'password':'1222'},请求方式：GET
[2018-04-02 10:53:02.391378] INFO: jiekou: 输入参数：url:https://api.douban.com/v2/photo/:id,key:dfeb1cc8125943d29764a2f2f5c33739,参数:{'password':'1222'},请求方式：None
[2018-04-02 10:53:05.242541] INFO: jiekou: 返回结果:{'code': 0, 'result': {'msg': 'uri_not_found', 'code': 1001, 'request': 'GET /v2/photo/:id'}}
[2018-04-02 10:53:05.242541] INFO: jiekou: 当前模块 断言测试结果
[2018-04-02 10:53:05.243541] INFO: jiekou: 全部args参数参数信息 , ()
[2018-04-02 10:53:05.243541] INFO: jiekou: 全部kwargs参数信息 , {'asserqingwang': ''}
[2018-04-02 10:53:05.243541] INFO: jiekou: 填写测试预期值
[2018-04-02 10:53:05.243541] INFO: jiekou: 测试用例执行完毕
